  main.cpp
  myDevices.cpp
  ofApp.cpp
d:\mylibn\toolslib\of_v0.10.0_vs2017_release\libs\openframeworks\math\ofvec3f.h : warning C4819: The file contains a character that cannot be represented in the current code page (936). Save the file in Unicode format to prevent data loss (compiling source file src\ofApp.cpp)
d:\mylibn\toolslib\of_v0.10.0_vs2017_release\libs\openframeworks\math\ofvec2f.h : warning C4819: The file contains a character that cannot be represented in the current code page (936). Save the file in Unicode format to prevent data loss (compiling source file src\ofApp.cpp)
d:\mylibn\toolslib\of_v0.10.0_vs2017_release\libs\openframeworks\math\ofvec3f.h : warning C4819: The file contains a character that cannot be represented in the current code page (936). Save the file in Unicode format to prevent data loss (compiling source file src\main.cpp)
d:\mylibn\toolslib\of_v0.10.0_vs2017_release\libs\openframeworks\math\ofvec2f.h : warning C4819: The file contains a character that cannot be represented in the current code page (936). Save the file in Unicode format to prevent data loss (compiling source file src\main.cpp)
d:\mylibn\toolslib\of_v0.10.0_vs2017_release\libs\openframeworks\math\ofvec3f.h : warning C4819: The file contains a character that cannot be represented in the current code page (936). Save the file in Unicode format to prevent data loss (compiling source file src\myDevices.cpp)
d:\mylibn\toolslib\of_v0.10.0_vs2017_release\libs\openframeworks\math\ofvec2f.h : warning C4819: The file contains a character that cannot be represented in the current code page (936). Save the file in Unicode format to prevent data loss (compiling source file src\myDevices.cpp)
d:\mylibn\toolslib\of_v0.10.0_vs2017_release\libs\openframeworks\math\ofmatrix4x4.h(326): warning C4267: 'argument': conversion from 'size_t' to 'int', possible loss of data (compiling source file src\ofApp.cpp)
d:\mylibn\toolslib\of_v0.10.0_vs2017_release\libs\openframeworks\math\ofmatrix4x4.h(331): warning C4267: 'argument': conversion from 'size_t' to 'int', possible loss of data (compiling source file src\ofApp.cpp)
d:\mylibn\toolslib\of_v0.10.0_vs2017_release\libs\openframeworks\math\ofmatrix4x4.h(912): warning C4267: 'argument': conversion from 'size_t' to 'int', possible loss of data (compiling source file src\ofApp.cpp)
d:\mylibn\toolslib\of_v0.10.0_vs2017_release\libs\openframeworks\math\ofmatrix4x4.h(913): warning C4267: 'argument': conversion from 'size_t' to 'int', possible loss of data (compiling source file src\ofApp.cpp)
d:\mylibn\toolslib\of_v0.10.0_vs2017_release\libs\openframeworks\math\ofmatrix4x4.h(914): warning C4267: 'argument': conversion from 'size_t' to 'int', possible loss of data (compiling source file src\ofApp.cpp)
d:\mylibn\toolslib\of_v0.10.0_vs2017_release\libs\openframeworks\math\ofmatrix4x4.h(915): warning C4267: 'argument': conversion from 'size_t' to 'int', possible loss of data (compiling source file src\ofApp.cpp)
d:\mylibn\toolslib\of_v0.10.0_vs2017_release\libs\openframeworks\math\ofmatrix4x4.h(326): warning C4267: 'argument': conversion from 'size_t' to 'int', possible loss of data (compiling source file src\main.cpp)
d:\mylibn\toolslib\of_v0.10.0_vs2017_release\libs\openframeworks\math\ofmatrix4x4.h(331): warning C4267: 'argument': conversion from 'size_t' to 'int', possible loss of data (compiling source file src\main.cpp)
d:\mylibn\toolslib\of_v0.10.0_vs2017_release\libs\openframeworks\math\ofmatrix4x4.h(912): warning C4267: 'argument': conversion from 'size_t' to 'int', possible loss of data (compiling source file src\main.cpp)
d:\mylibn\toolslib\of_v0.10.0_vs2017_release\libs\openframeworks\math\ofmatrix4x4.h(913): warning C4267: 'argument': conversion from 'size_t' to 'int', possible loss of data (compiling source file src\main.cpp)
d:\mylibn\toolslib\of_v0.10.0_vs2017_release\libs\openframeworks\math\ofmatrix4x4.h(914): warning C4267: 'argument': conversion from 'size_t' to 'int', possible loss of data (compiling source file src\main.cpp)
d:\mylibn\toolslib\of_v0.10.0_vs2017_release\libs\openframeworks\math\ofmatrix4x4.h(915): warning C4267: 'argument': conversion from 'size_t' to 'int', possible loss of data (compiling source file src\main.cpp)
d:\mylibn\toolslib\of_v0.10.0_vs2017_release\libs\openframeworks\math\ofmatrix4x4.h(326): warning C4267: 'argument': conversion from 'size_t' to 'int', possible loss of data (compiling source file src\myDevices.cpp)
d:\mylibn\toolslib\of_v0.10.0_vs2017_release\libs\openframeworks\math\ofmatrix4x4.h(331): warning C4267: 'argument': conversion from 'size_t' to 'int', possible loss of data (compiling source file src\myDevices.cpp)
d:\mylibn\toolslib\of_v0.10.0_vs2017_release\libs\openframeworks\math\ofmatrix4x4.h(912): warning C4267: 'argument': conversion from 'size_t' to 'int', possible loss of data (compiling source file src\myDevices.cpp)
d:\mylibn\toolslib\of_v0.10.0_vs2017_release\libs\openframeworks\math\ofmatrix4x4.h(913): warning C4267: 'argument': conversion from 'size_t' to 'int', possible loss of data (compiling source file src\myDevices.cpp)
d:\mylibn\toolslib\of_v0.10.0_vs2017_release\libs\openframeworks\math\ofmatrix4x4.h(914): warning C4267: 'argument': conversion from 'size_t' to 'int', possible loss of data (compiling source file src\myDevices.cpp)
d:\mylibn\toolslib\of_v0.10.0_vs2017_release\libs\openframeworks\math\ofmatrix4x4.h(915): warning C4267: 'argument': conversion from 'size_t' to 'int', possible loss of data (compiling source file src\myDevices.cpp)
d:\mylibn\toolslib\of_v0.10.0_vs2017_release\apps\myapps\vj_sig_simulator\src\mydevices.cpp(19): warning C4996: 'ofxOscReceiver::getNextMessage': Pass a reference instead of a pointer
  d:\mylibn\toolslib\of_v0.10.0_vs2017_release\addons\ofxosc\src\ofxoscreceiver.h(72): note: see declaration of 'ofxOscReceiver::getNextMessage'
     Creating library bin\vj_sig_simulator_debug.lib and object bin\vj_sig_simulator_debug.exp
  vj_sig_simulator.vcxproj -> D:\MyLibN\ToolsLib\of_v0.10.0_vs2017_release\apps\myApps\vj_sig_simulator\bin\vj_sig_simulator_debug.exe
  
  	                   2	D:\MyLibN\ToolsLib\of_v0.10.0_vs2017_release\libs\fmodex\lib\vs\x64\
  	  *多余文件   		 6402560	D:\MyLibN\ToolsLib\of_v0.10.0_vs2017_release\apps\myApps\vj_sig_simulator\bin\FreeImage.dll
  
  	                   1	D:\MyLibN\ToolsLib\of_v0.10.0_vs2017_release\libs\FreeImage\lib\vs\x64\
  	  *多余文件   		 1503232	D:\MyLibN\ToolsLib\of_v0.10.0_vs2017_release\apps\myApps\vj_sig_simulator\bin\fmodex64.dll
  	  *多余文件   		 1552384	D:\MyLibN\ToolsLib\of_v0.10.0_vs2017_release\apps\myApps\vj_sig_simulator\bin\fmodexL64.dll
